<?xml version="1.0" encoding="UTF-8"?>
<testng-results ignored="0" total="3" passed="3" failed="0" skipped="0">
  <reporter-output>
  </reporter-output>
  <suite started-at="2024-04-10T09:07:29 CEST" name="Default Suite" finished-at="2024-04-10T09:07:29 CEST" duration-ms="33">
    <groups>
    </groups>
    <test started-at="2024-04-10T09:07:29 CEST" name="TestNGDemo1" finished-at="2024-04-10T09:07:29 CEST" duration-ms="33">
      <class name="TestCases">
        <test-method signature="setup()[pri:1, instance:TestCases@4e4aea35]" started-at="2024-04-10T09:07:29 CEST" name="setup" finished-at="2024-04-10T09:07:29 CEST" duration-ms="4" status="PASS">
          <reporter-output>
          </reporter-output>
        </test-method> <!-- setup -->
        <test-method signature="testSteps()[pri:2, instance:TestCases@4e4aea35]" started-at="2024-04-10T09:07:29 CEST" name="testSteps" finished-at="2024-04-10T09:07:29 CEST" duration-ms="0" status="PASS">
          <reporter-output>
          </reporter-output>
        </test-method> <!-- testSteps -->
        <test-method signature="tearDown()[pri:3, instance:TestCases@4e4aea35]" started-at="2024-04-10T09:07:29 CEST" name="tearDown" finished-at="2024-04-10T09:07:29 CEST" duration-ms="0" status="PASS">
          <reporter-output>
          </reporter-output>
        </test-method> <!-- tearDown -->
      </class> <!-- TestCases -->
    </test> <!-- TestNGDemo1 -->
  </suite> <!-- Default Suite -->
</testng-results>
